Symlinking /home/jimi/gitlab/rosbot/devel/lib/rosbot_multirobot_orientation/rosbot_icp
Symlinking /home/jimi/gitlab/rosbot/devel/lib/rosbot_multirobot_orientation/sync_laserscans
Symlinking /home/jimi/gitlab/rosbot/devel/lib/rosbot_multirobot_orientation/angle_histogram
Symlinking /home/jimi/gitlab/rosbot/devel/lib/rosbot_multirobot_orientation/rosbot_ndt
Symlinking /home/jimi/gitlab/rosbot/devel/lib/rosbot_multirobot_orientation/gt_to_tf
Symlinking /home/jimi/gitlab/rosbot/devel/lib/python2.7/dist-packages/rosbot_multirobot_orientation/__init__.py
Symlinking /home/jimi/gitlab/rosbot/devel/lib/python2.7/dist-packages/rosbot_multirobot_orientation/msg/_AngleMatch.py
Symlinking /home/jimi/gitlab/rosbot/devel/lib/python2.7/dist-packages/rosbot_multirobot_orientation/msg/_SyncedClouds.py
Symlinking /home/jimi/gitlab/rosbot/devel/lib/python2.7/dist-packages/rosbot_multirobot_orientation/msg/__init__.py
Symlinking /home/jimi/gitlab/rosbot/devel/lib/pkgconfig/rosbot_multirobot_orientation.pc
Symlinking /home/jimi/gitlab/rosbot/devel/include/rosbot_multirobot_orientation/AngleMatch.h
Symlinking /home/jimi/gitlab/rosbot/devel/include/rosbot_multirobot_orientation/SyncedClouds.h
Symlinking /home/jimi/gitlab/rosbot/devel/share/roseus/ros/rosbot_multirobot_orientation/manifest.l
Symlinking /home/jimi/gitlab/rosbot/devel/share/roseus/ros/rosbot_multirobot_orientation/msg/SyncedClouds.l
Symlinking /home/jimi/gitlab/rosbot/devel/share/roseus/ros/rosbot_multirobot_orientation/msg/AngleMatch.l
Symlinking /home/jimi/gitlab/rosbot/devel/share/rosbot_multirobot_orientation/cmake/rosbot_multirobot_orientation-msg-extras.cmake
Symlinking /home/jimi/gitlab/rosbot/devel/share/rosbot_multirobot_orientation/cmake/rosbot_multirobot_orientationConfig.cmake
Symlinking /home/jimi/gitlab/rosbot/devel/share/rosbot_multirobot_orientation/cmake/rosbot_multirobot_orientationConfig-version.cmake
Symlinking /home/jimi/gitlab/rosbot/devel/share/rosbot_multirobot_orientation/cmake/rosbot_multirobot_orientation-msg-paths.cmake
Symlinking /home/jimi/gitlab/rosbot/devel/share/common-lisp/ros/rosbot_multirobot_orientation/msg/_package_AngleMatch.lisp
Symlinking /home/jimi/gitlab/rosbot/devel/share/common-lisp/ros/rosbot_multirobot_orientation/msg/_package.lisp
Symlinking /home/jimi/gitlab/rosbot/devel/share/common-lisp/ros/rosbot_multirobot_orientation/msg/AngleMatch.lisp
Symlinking /home/jimi/gitlab/rosbot/devel/share/common-lisp/ros/rosbot_multirobot_orientation/msg/_package_SyncedClouds.lisp
Symlinking /home/jimi/gitlab/rosbot/devel/share/common-lisp/ros/rosbot_multirobot_orientation/msg/rosbot_multirobot_orientation-msg.asd
Symlinking /home/jimi/gitlab/rosbot/devel/share/common-lisp/ros/rosbot_multirobot_orientation/msg/SyncedClouds.lisp
Symlinking /home/jimi/gitlab/rosbot/devel/share/gennodejs/ros/rosbot_multirobot_orientation/_index.js
Symlinking /home/jimi/gitlab/rosbot/devel/share/gennodejs/ros/rosbot_multirobot_orientation/msg/SyncedClouds.js
Symlinking /home/jimi/gitlab/rosbot/devel/share/gennodejs/ros/rosbot_multirobot_orientation/msg/AngleMatch.js
Symlinking /home/jimi/gitlab/rosbot/devel/share/gennodejs/ros/rosbot_multirobot_orientation/msg/_index.js
