Linked: (/home/jimi/gitlab/rosbot/devel/.private/rosbot_multirobot_orientation/lib/rosbot_multirobot_orientation/rosbot_icp, /home/jimi/gitlab/rosbot/devel/lib/rosbot_multirobot_orientation/rosbot_icp)
Linked: (/home/jimi/gitlab/rosbot/devel/.private/rosbot_multirobot_orientation/lib/rosbot_multirobot_orientation/sync_laserscans, /home/jimi/gitlab/rosbot/devel/lib/rosbot_multirobot_orientation/sync_laserscans)
Linked: (/home/jimi/gitlab/rosbot/devel/.private/rosbot_multirobot_orientation/lib/rosbot_multirobot_orientation/angle_histogram, /home/jimi/gitlab/rosbot/devel/lib/rosbot_multirobot_orientation/angle_histogram)
Linked: (/home/jimi/gitlab/rosbot/devel/.private/rosbot_multirobot_orientation/lib/rosbot_multirobot_orientation/rosbot_ndt, /home/jimi/gitlab/rosbot/devel/lib/rosbot_multirobot_orientation/rosbot_ndt)
Linked: (/home/jimi/gitlab/rosbot/devel/.private/rosbot_multirobot_orientation/lib/rosbot_multirobot_orientation/gt_to_tf, /home/jimi/gitlab/rosbot/devel/lib/rosbot_multirobot_orientation/gt_to_tf)
Linked: (/home/jimi/gitlab/rosbot/devel/.private/rosbot_multirobot_orientation/lib/python2.7/dist-packages/rosbot_multirobot_orientation/__init__.py, /home/jimi/gitlab/rosbot/devel/lib/python2.7/dist-packages/rosbot_multirobot_orientation/__init__.py)
Linked: (/home/jimi/gitlab/rosbot/devel/.private/rosbot_multirobot_orientation/lib/python2.7/dist-packages/rosbot_multirobot_orientation/msg/_AngleMatch.py, /home/jimi/gitlab/rosbot/devel/lib/python2.7/dist-packages/rosbot_multirobot_orientation/msg/_AngleMatch.py)
Linked: (/home/jimi/gitlab/rosbot/devel/.private/rosbot_multirobot_orientation/lib/python2.7/dist-packages/rosbot_multirobot_orientation/msg/_SyncedClouds.py, /home/jimi/gitlab/rosbot/devel/lib/python2.7/dist-packages/rosbot_multirobot_orientation/msg/_SyncedClouds.py)
Linked: (/home/jimi/gitlab/rosbot/devel/.private/rosbot_multirobot_orientation/lib/python2.7/dist-packages/rosbot_multirobot_orientation/msg/__init__.py, /home/jimi/gitlab/rosbot/devel/lib/python2.7/dist-packages/rosbot_multirobot_orientation/msg/__init__.py)
Linked: (/home/jimi/gitlab/rosbot/devel/.private/rosbot_multirobot_orientation/lib/pkgconfig/rosbot_multirobot_orientation.pc, /home/jimi/gitlab/rosbot/devel/lib/pkgconfig/rosbot_multirobot_orientation.pc)
Linked: (/home/jimi/gitlab/rosbot/devel/.private/rosbot_multirobot_orientation/include/rosbot_multirobot_orientation/AngleMatch.h, /home/jimi/gitlab/rosbot/devel/include/rosbot_multirobot_orientation/AngleMatch.h)
Linked: (/home/jimi/gitlab/rosbot/devel/.private/rosbot_multirobot_orientation/include/rosbot_multirobot_orientation/SyncedClouds.h, /home/jimi/gitlab/rosbot/devel/include/rosbot_multirobot_orientation/SyncedClouds.h)
Linked: (/home/jimi/gitlab/rosbot/devel/.private/rosbot_multirobot_orientation/share/roseus/ros/rosbot_multirobot_orientation/manifest.l, /home/jimi/gitlab/rosbot/devel/share/roseus/ros/rosbot_multirobot_orientation/manifest.l)
Linked: (/home/jimi/gitlab/rosbot/devel/.private/rosbot_multirobot_orientation/share/roseus/ros/rosbot_multirobot_orientation/msg/SyncedClouds.l, /home/jimi/gitlab/rosbot/devel/share/roseus/ros/rosbot_multirobot_orientation/msg/SyncedClouds.l)
Linked: (/home/jimi/gitlab/rosbot/devel/.private/rosbot_multirobot_orientation/share/roseus/ros/rosbot_multirobot_orientation/msg/AngleMatch.l, /home/jimi/gitlab/rosbot/devel/share/roseus/ros/rosbot_multirobot_orientation/msg/AngleMatch.l)
Linked: (/home/jimi/gitlab/rosbot/devel/.private/rosbot_multirobot_orientation/share/rosbot_multirobot_orientation/cmake/rosbot_multirobot_orientation-msg-extras.cmake, /home/jimi/gitlab/rosbot/devel/share/rosbot_multirobot_orientation/cmake/rosbot_multirobot_orientation-msg-extras.cmake)
Linked: (/home/jimi/gitlab/rosbot/devel/.private/rosbot_multirobot_orientation/share/rosbot_multirobot_orientation/cmake/rosbot_multirobot_orientationConfig.cmake, /home/jimi/gitlab/rosbot/devel/share/rosbot_multirobot_orientation/cmake/rosbot_multirobot_orientationConfig.cmake)
Linked: (/home/jimi/gitlab/rosbot/devel/.private/rosbot_multirobot_orientation/share/rosbot_multirobot_orientation/cmake/rosbot_multirobot_orientationConfig-version.cmake, /home/jimi/gitlab/rosbot/devel/share/rosbot_multirobot_orientation/cmake/rosbot_multirobot_orientationConfig-version.cmake)
Linked: (/home/jimi/gitlab/rosbot/devel/.private/rosbot_multirobot_orientation/share/rosbot_multirobot_orientation/cmake/rosbot_multirobot_orientation-msg-paths.cmake, /home/jimi/gitlab/rosbot/devel/share/rosbot_multirobot_orientation/cmake/rosbot_multirobot_orientation-msg-paths.cmake)
Linked: (/home/jimi/gitlab/rosbot/devel/.private/rosbot_multirobot_orientation/share/common-lisp/ros/rosbot_multirobot_orientation/msg/_package_AngleMatch.lisp, /home/jimi/gitlab/rosbot/devel/share/common-lisp/ros/rosbot_multirobot_orientation/msg/_package_AngleMatch.lisp)
Linked: (/home/jimi/gitlab/rosbot/devel/.private/rosbot_multirobot_orientation/share/common-lisp/ros/rosbot_multirobot_orientation/msg/_package.lisp, /home/jimi/gitlab/rosbot/devel/share/common-lisp/ros/rosbot_multirobot_orientation/msg/_package.lisp)
Linked: (/home/jimi/gitlab/rosbot/devel/.private/rosbot_multirobot_orientation/share/common-lisp/ros/rosbot_multirobot_orientation/msg/AngleMatch.lisp, /home/jimi/gitlab/rosbot/devel/share/common-lisp/ros/rosbot_multirobot_orientation/msg/AngleMatch.lisp)
Linked: (/home/jimi/gitlab/rosbot/devel/.private/rosbot_multirobot_orientation/share/common-lisp/ros/rosbot_multirobot_orientation/msg/_package_SyncedClouds.lisp, /home/jimi/gitlab/rosbot/devel/share/common-lisp/ros/rosbot_multirobot_orientation/msg/_package_SyncedClouds.lisp)
Linked: (/home/jimi/gitlab/rosbot/devel/.private/rosbot_multirobot_orientation/share/common-lisp/ros/rosbot_multirobot_orientation/msg/rosbot_multirobot_orientation-msg.asd, /home/jimi/gitlab/rosbot/devel/share/common-lisp/ros/rosbot_multirobot_orientation/msg/rosbot_multirobot_orientation-msg.asd)
Linked: (/home/jimi/gitlab/rosbot/devel/.private/rosbot_multirobot_orientation/share/common-lisp/ros/rosbot_multirobot_orientation/msg/SyncedClouds.lisp, /home/jimi/gitlab/rosbot/devel/share/common-lisp/ros/rosbot_multirobot_orientation/msg/SyncedClouds.lisp)
Linked: (/home/jimi/gitlab/rosbot/devel/.private/rosbot_multirobot_orientation/share/gennodejs/ros/rosbot_multirobot_orientation/_index.js, /home/jimi/gitlab/rosbot/devel/share/gennodejs/ros/rosbot_multirobot_orientation/_index.js)
Linked: (/home/jimi/gitlab/rosbot/devel/.private/rosbot_multirobot_orientation/share/gennodejs/ros/rosbot_multirobot_orientation/msg/SyncedClouds.js, /home/jimi/gitlab/rosbot/devel/share/gennodejs/ros/rosbot_multirobot_orientation/msg/SyncedClouds.js)
Linked: (/home/jimi/gitlab/rosbot/devel/.private/rosbot_multirobot_orientation/share/gennodejs/ros/rosbot_multirobot_orientation/msg/AngleMatch.js, /home/jimi/gitlab/rosbot/devel/share/gennodejs/ros/rosbot_multirobot_orientation/msg/AngleMatch.js)
Linked: (/home/jimi/gitlab/rosbot/devel/.private/rosbot_multirobot_orientation/share/gennodejs/ros/rosbot_multirobot_orientation/msg/_index.js, /home/jimi/gitlab/rosbot/devel/share/gennodejs/ros/rosbot_multirobot_orientation/msg/_index.js)
