[  0%] Built target sensor_msgs_generate_messages_py
[  0%] Built target nav_msgs_generate_messages_cpp
[  0%] Built target nav_msgs_generate_messages_py
[  0%] Built target std_msgs_generate_messages_cpp
[  0%] Built target sensor_msgs_generate_messages_nodejs
[  0%] Built target std_msgs_generate_messages_nodejs
[  0%] Built target sensor_msgs_generate_messages_cpp
[  0%] Built target std_msgs_generate_messages_py
[  0%] Built target nav_msgs_generate_messages_nodejs
[  0%] Built target nav_msgs_generate_messages_lisp
[  0%] Built target sensor_msgs_generate_messages_eus
[  0%] Built target nav_msgs_generate_messages_eus
[  0%] Built target sensor_msgs_generate_messages_lisp
[  0%] Built target _rosbot_multirobot_orientation_generate_messages_check_deps_AngleMatch
[  0%] Built target std_msgs_generate_messages_eus
[  0%] Built target std_msgs_generate_messages_lisp
[  0%] Built target _rosbot_multirobot_orientation_generate_messages_check_deps_SyncedClouds
[  9%] Built target rosbot_multirobot_orientation_generate_messages_nodejs
[ 27%] Built target rosbot_multirobot_orientation_generate_messages_cpp
[ 31%] Built target rosbot_multirobot_orientation_generate_messages_eus
[ 50%] Built target rosbot_multirobot_orientation_generate_messages_lisp
[ 54%] Built target rosbot_multirobot_orientation_generate_messages_py
[ 72%] Built target rosbot_icp
[ 72%] Built target angle_histogram
[ 81%] Built target sync_laserscans
[ 90%] Built target gt_to_tf
[100%] Built target rosbot_ndt
[100%] Built target rosbot_multirobot_orientation_generate_messages
