[  0%] Built target nav_msgs_generate_messages_cpp
[  0%] Built target std_msgs_generate_messages_cpp
[  0%] Built target sensor_msgs_generate_messages_cpp
[  0%] Built target nav_msgs_generate_messages_py
[  0%] Built target sensor_msgs_generate_messages_py
[  0%] Built target _rosbot_multirobot_orientation_generate_messages_check_deps_SyncedClouds
[  0%] Built target _rosbot_multirobot_orientation_generate_messages_check_deps_AngleMatch
[  0%] Built target sensor_msgs_generate_messages_nodejs
[  0%] Built target std_msgs_generate_messages_nodejs
[  0%] Built target std_msgs_generate_messages_py
[  0%] Built target nav_msgs_generate_messages_lisp
[  0%] Built target nav_msgs_generate_messages_nodejs
[  0%] Built target std_msgs_generate_messages_lisp
[  0%] Built target std_msgs_generate_messages_eus
[  0%] Built target sensor_msgs_generate_messages_lisp
[  9%] Built target rosbot_multirobot_orientation_generate_messages_cpp
[  9%] Built target nav_msgs_generate_messages_eus
[  9%] Built target sensor_msgs_generate_messages_eus
[ 18%] Built target rosbot_multirobot_orientation_generate_messages_nodejs
[ 31%] Built target rosbot_multirobot_orientation_generate_messages_py
[ 40%] Built target rosbot_multirobot_orientation_generate_messages_lisp
[ 50%] Built target angle_histogram
[ 59%] Built target gt_to_tf
[ 68%] Built target sync_laserscans
[ 77%] Built target rosbot_icp
[ 90%] Built target rosbot_multirobot_orientation_generate_messages_eus
[100%] Built target rosbot_ndt
[100%] Built target rosbot_multirobot_orientation_generate_messages
